<?xml version="1.0" encoding="UTF-8"?>
<coverage generated="1733313164638" clover="3.2.0">
  <project timestamp="1733313164638" name="All files">
    <metrics statements="163" coveredstatements="67" conditionals="116" coveredconditionals="42" methods="36" coveredmethods="14" elements="315" coveredelements="123" complexity="0" loc="163" ncloc="163" packages="3" files="12" classes="12"/>
    <package name="src">
      <metrics statements="50" coveredstatements="17" conditionals="30" coveredconditionals="17" methods="6" coveredmethods="2"/>
      <file name="App.js" path="/Users/giulia/Desktop/EGA-beacon-browser/client/src/App.js">
        <metrics statements="36" coveredstatements="11" conditionals="24" coveredconditionals="13" methods="3" coveredmethods="1"/>
        <line num="17" count="25" type="stmt"/>
        <line num="18" count="20" type="stmt"/>
        <line num="19" count="20" type="stmt"/>
        <line num="20" count="20" type="stmt"/>
        <line num="21" count="20" type="stmt"/>
        <line num="22" count="20" type="stmt"/>
        <line num="23" count="20" type="stmt"/>
        <line num="24" count="20" type="stmt"/>
        <line num="26" count="20" type="stmt"/>
        <line num="28" count="0" type="stmt"/>
        <line num="32" count="20" type="stmt"/>
        <line num="33" count="0" type="stmt"/>
        <line num="34" count="0" type="stmt"/>
        <line num="35" count="0" type="stmt"/>
        <line num="36" count="0" type="cond" truecount="0" falsecount="2"/>
        <line num="37" count="0" type="stmt"/>
        <line num="39" count="0" type="stmt"/>
        <line num="41" count="0" type="stmt"/>
        <line num="42" count="0" type="stmt"/>
        <line num="43" count="0" type="stmt"/>
        <line num="47" count="0" type="stmt"/>
        <line num="49" count="0" type="stmt"/>
        <line num="58" count="0" type="stmt"/>
        <line num="59" count="0" type="stmt"/>
        <line num="61" count="0" type="stmt"/>
        <line num="62" count="0" type="stmt"/>
        <line num="64" count="0" type="stmt"/>
        <line num="65" count="0" type="stmt"/>
        <line num="89" count="0" type="cond" truecount="0" falsecount="4"/>
        <line num="91" count="0" type="stmt"/>
        <line num="102" count="0" type="stmt"/>
        <line num="112" count="0" type="stmt"/>
        <line num="113" count="0" type="stmt"/>
        <line num="114" count="0" type="stmt"/>
        <line num="116" count="0" type="stmt"/>
        <line num="120" count="20" type="stmt"/>
      </file>
      <file name="index.js" path="/Users/giulia/Desktop/EGA-beacon-browser/client/src/index.js">
        <metrics statements="6" coveredstatements="4" conditionals="2" coveredconditionals="2" methods="1" coveredmethods="0"/>
        <line num="12" count="5" type="stmt"/>
        <line num="13" count="5" type="stmt"/>
        <line num="15" count="0" type="stmt"/>
        <line num="16" count="0" type="stmt"/>
        <line num="30" count="5" type="stmt"/>
        <line num="41" count="5" type="stmt"/>
      </file>
      <file name="reportWebVitals.js" path="/Users/giulia/Desktop/EGA-beacon-browser/client/src/reportWebVitals.js">
        <metrics statements="8" coveredstatements="2" conditionals="4" coveredconditionals="2" methods="2" coveredmethods="1"/>
        <line num="1" count="5" type="stmt"/>
        <line num="2" count="5" type="cond" truecount="2" falsecount="2"/>
        <line num="3" count="0" type="stmt"/>
        <line num="4" count="0" type="stmt"/>
        <line num="5" count="0" type="stmt"/>
        <line num="6" count="0" type="stmt"/>
        <line num="7" count="0" type="stmt"/>
        <line num="8" count="0" type="stmt"/>
      </file>
    </package>
    <package name="src.components">
      <metrics statements="91" coveredstatements="40" conditionals="68" coveredconditionals="19" methods="24" coveredmethods="10"/>
      <file name="CustomTheme.js" path="/Users/giulia/Desktop/EGA-beacon-browser/client/src/components/CustomTheme.js">
        <metrics statements="1" coveredstatements="1" conditionals="0" coveredconditionals="0" methods="0" coveredmethods="0"/>
        <line num="4" count="5" type="stmt"/>
      </file>
      <file name="Footer.js" path="/Users/giulia/Desktop/EGA-beacon-browser/client/src/components/Footer.js">
        <metrics statements="1" coveredstatements="1" conditionals="0" coveredconditionals="0" methods="1" coveredmethods="1"/>
        <line num="4" count="20" type="stmt"/>
      </file>
      <file name="Navbar.js" path="/Users/giulia/Desktop/EGA-beacon-browser/client/src/components/Navbar.js">
        <metrics statements="2" coveredstatements="2" conditionals="0" coveredconditionals="0" methods="1" coveredmethods="1"/>
        <line num="6" count="5" type="stmt"/>
        <line num="7" count="20" type="stmt"/>
      </file>
      <file name="NetworkMembers.js" path="/Users/giulia/Desktop/EGA-beacon-browser/client/src/components/NetworkMembers.js">
        <metrics statements="1" coveredstatements="1" conditionals="0" coveredconditionals="0" methods="1" coveredmethods="1"/>
        <line num="5" count="20" type="stmt"/>
      </file>
      <file name="ResultList.js" path="/Users/giulia/Desktop/EGA-beacon-browser/client/src/components/ResultList.js">
        <metrics statements="62" coveredstatements="22" conditionals="48" coveredconditionals="9" methods="8" coveredmethods="1"/>
        <line num="13" count="20" type="stmt"/>
        <line num="14" count="20" type="stmt"/>
        <line num="15" count="20" type="stmt"/>
        <line num="16" count="0" type="stmt"/>
        <line num="18" count="20" type="stmt"/>
        <line num="20" count="20" type="stmt"/>
        <line num="21" count="20" type="stmt"/>
        <line num="22" count="20" type="stmt"/>
        <line num="23" count="20" type="stmt"/>
        <line num="24" count="20" type="stmt"/>
        <line num="25" count="20" type="stmt"/>
        <line num="26" count="20" type="stmt"/>
        <line num="27" count="20" type="stmt"/>
        <line num="28" count="20" type="stmt"/>
        <line num="29" count="20" type="stmt"/>
        <line num="30" count="20" type="stmt"/>
        <line num="31" count="20" type="stmt"/>
        <line num="32" count="20" type="stmt"/>
        <line num="33" count="20" type="stmt"/>
        <line num="34" count="20" type="cond" truecount="1" falsecount="1"/>
        <line num="35" count="20" type="stmt"/>
        <line num="36" count="0" type="stmt"/>
        <line num="37" count="0" type="cond" truecount="0" falsecount="2"/>
        <line num="38" count="0" type="stmt"/>
        <line num="39" count="0" type="stmt"/>
        <line num="40" count="0" type="stmt"/>
        <line num="42" count="0" type="stmt"/>
        <line num="43" count="0" type="cond" truecount="0" falsecount="2"/>
        <line num="44" count="0" type="cond" truecount="0" falsecount="2"/>
        <line num="45" count="0" type="stmt"/>
        <line num="46" count="0" type="stmt"/>
        <line num="48" count="0" type="stmt"/>
        <line num="49" count="0" type="stmt"/>
        <line num="50" count="0" type="cond" truecount="0" falsecount="2"/>
        <line num="54" count="0" type="cond" truecount="0" falsecount="2"/>
        <line num="58" count="0" type="cond" truecount="0" falsecount="2"/>
        <line num="62" count="0" type="cond" truecount="0" falsecount="2"/>
        <line num="66" count="0" type="stmt"/>
        <line num="67" count="0" type="cond" truecount="0" falsecount="2"/>
        <line num="71" count="0" type="stmt"/>
        <line num="72" count="0" type="cond" truecount="0" falsecount="2"/>
        <line num="76" count="0" type="stmt"/>
        <line num="79" count="0" type="stmt"/>
        <line num="90" count="0" type="stmt"/>
        <line num="97" count="0" type="cond" truecount="0" falsecount="2"/>
        <line num="98" count="0" type="stmt"/>
        <line num="99" count="0" type="stmt"/>
        <line num="111" count="0" type="stmt"/>
        <line num="112" count="0" type="cond" truecount="0" falsecount="2"/>
        <line num="117" count="0" type="stmt"/>
        <line num="118" count="0" type="stmt"/>
        <line num="125" count="0" type="stmt"/>
        <line num="126" count="0" type="stmt"/>
        <line num="127" count="0" type="stmt"/>
        <line num="131" count="0" type="stmt"/>
        <line num="132" count="0" type="stmt"/>
        <line num="133" count="0" type="stmt"/>
        <line num="134" count="0" type="stmt"/>
        <line num="137" count="0" type="stmt"/>
        <line num="138" count="0" type="stmt"/>
        <line num="141" count="20" type="stmt"/>
        <line num="149" count="20" type="stmt"/>
      </file>
      <file name="Search.js" path="/Users/giulia/Desktop/EGA-beacon-browser/client/src/components/Search.js">
        <metrics statements="20" coveredstatements="11" conditionals="20" coveredconditionals="10" methods="11" coveredmethods="6"/>
        <line num="12" count="5" type="stmt"/>
        <line num="23" count="5" type="stmt"/>
        <line num="28" count="20" type="stmt"/>
        <line num="29" count="0" type="stmt"/>
        <line num="30" count="0" type="stmt"/>
        <line num="35" count="20" type="stmt"/>
        <line num="36" count="20" type="stmt"/>
        <line num="54" count="20" type="stmt"/>
        <line num="72" count="20" type="stmt"/>
        <line num="73" count="0" type="stmt"/>
        <line num="74" count="0" type="stmt"/>
        <line num="75" count="0" type="stmt"/>
        <line num="83" count="0" type="stmt"/>
        <line num="86" count="20" type="stmt"/>
        <line num="118" count="0" type="stmt"/>
        <line num="121" count="30" type="stmt"/>
        <line num="156" count="20" type="stmt"/>
        <line num="159" count="0" type="cond" truecount="0" falsecount="2"/>
        <line num="163" count="30" type="stmt"/>
        <line num="197" count="0" type="stmt"/>
      </file>
      <file name="TooltipHeader.js" path="/Users/giulia/Desktop/EGA-beacon-browser/client/src/components/TooltipHeader.js">
        <metrics statements="4" coveredstatements="2" conditionals="0" coveredconditionals="0" methods="2" coveredmethods="0"/>
        <line num="7" count="5" type="stmt"/>
        <line num="8" count="0" type="stmt"/>
        <line num="25" count="5" type="stmt"/>
        <line num="26" count="0" type="stmt"/>
      </file>
    </package>
    <package name="src.components.SignIn">
      <metrics statements="22" coveredstatements="10" conditionals="18" coveredconditionals="6" methods="6" coveredmethods="2"/>
      <file name="LoggedIn.js" path="/Users/giulia/Desktop/EGA-beacon-browser/client/src/components/SignIn/LoggedIn.js">
        <metrics statements="17" coveredstatements="10" conditionals="14" coveredconditionals="6" methods="5" coveredmethods="2"/>
        <line num="5" count="5" type="stmt"/>
        <line num="6" count="20" type="stmt"/>
        <line num="7" count="20" type="stmt"/>
        <line num="8" count="20" type="stmt"/>
        <line num="10" count="20" type="stmt"/>
        <line num="11" count="0" type="stmt"/>
        <line num="12" count="0" type="stmt"/>
        <line num="13" count="0" type="stmt"/>
        <line num="14" count="0" type="stmt"/>
        <line num="24" count="20" type="stmt"/>
        <line num="25" count="0" type="stmt"/>
        <line num="27" count="20" type="stmt"/>
        <line num="28" count="10" type="cond" truecount="1" falsecount="1"/>
        <line num="29" count="0" type="stmt"/>
        <line num="35" count="20" type="cond" truecount="3" falsecount="1"/>
        <line num="36" count="0" type="stmt"/>
        <line num="51" count="20" type="stmt"/>
      </file>
      <file name="SignInForm.js" path="/Users/giulia/Desktop/EGA-beacon-browser/client/src/components/SignIn/SignInForm.js">
        <metrics statements="5" coveredstatements="0" conditionals="4" coveredconditionals="0" methods="1" coveredmethods="0"/>
        <line num="6" count="0" type="stmt"/>
        <line num="7" count="0" type="cond" truecount="0" falsecount="2"/>
        <line num="9" count="0" type="cond" truecount="0" falsecount="2"/>
        <line num="10" count="0" type="stmt"/>
        <line num="13" count="0" type="stmt"/>
      </file>
    </package>
  </project>
</coverage>
