{"total": {"lines":{"total":163,"covered":67,"skipped":0,"pct":41.1},"statements":{"total":164,"covered":67,"skipped":0,"pct":40.85},"functions":{"total":36,"covered":14,"skipped":0,"pct":38.88},"branches":{"total":116,"covered":42,"skipped":0,"pct":36.2},"branchesTrue":{"total":0,"covered":0,"skipped":0,"pct":100}}
,"/Users/giulia/Desktop/EGA-beacon-browser/client/src/App.js": {"lines":{"total":36,"covered":11,"skipped":0,"pct":30.55},"functions":{"total":3,"covered":1,"skipped":0,"pct":33.33},"statements":{"total":36,"covered":11,"skipped":0,"pct":30.55},"branches":{"total":24,"covered":13,"skipped":0,"pct":54.16}}
,"/Users/giulia/Desktop/EGA-beacon-browser/client/src/index.js": {"lines":{"total":6,"covered":4,"skipped":0,"pct":66.66},"functions":{"total":1,"covered":0,"skipped":0,"pct":0},"statements":{"total":6,"covered":4,"skipped":0,"pct":66.66},"branches":{"total":2,"covered":2,"skipped":0,"pct":100}}
,"/Users/giulia/Desktop/EGA-beacon-browser/client/src/reportWebVitals.js": {"lines":{"total":8,"covered":2,"skipped":0,"pct":25},"functions":{"total":2,"covered":1,"skipped":0,"pct":50},"statements":{"total":8,"covered":2,"skipped":0,"pct":25},"branches":{"total":4,"covered":2,"skipped":0,"pct":50}}
,"/Users/giulia/Desktop/EGA-beacon-browser/client/src/components/CustomTheme.js": {"lines":{"total":1,"covered":1,"skipped":0,"pct":100},"functions":{"total":0,"covered":0,"skipped":0,"pct":100},"statements":{"total":1,"covered":1,"skipped":0,"pct":100},"branches":{"total":0,"covered":0,"skipped":0,"pct":100}}
,"/Users/giulia/Desktop/EGA-beacon-browser/client/src/components/Footer.js": {"lines":{"total":1,"covered":1,"skipped":0,"pct":100},"functions":{"total":1,"covered":1,"skipped":0,"pct":100},"statements":{"total":1,"covered":1,"skipped":0,"pct":100},"branches":{"total":0,"covered":0,"skipped":0,"pct":100}}
,"/Users/giulia/Desktop/EGA-beacon-browser/client/src/components/Navbar.js": {"lines":{"total":2,"covered":2,"skipped":0,"pct":100},"functions":{"total":1,"covered":1,"skipped":0,"pct":100},"statements":{"total":2,"covered":2,"skipped":0,"pct":100},"branches":{"total":0,"covered":0,"skipped":0,"pct":100}}
,"/Users/giulia/Desktop/EGA-beacon-browser/client/src/components/NetworkMembers.js": {"lines":{"total":1,"covered":1,"skipped":0,"pct":100},"functions":{"total":1,"covered":1,"skipped":0,"pct":100},"statements":{"total":1,"covered":1,"skipped":0,"pct":100},"branches":{"total":0,"covered":0,"skipped":0,"pct":100}}
,"/Users/giulia/Desktop/EGA-beacon-browser/client/src/components/ResultList.js": {"lines":{"total":62,"covered":22,"skipped":0,"pct":35.48},"functions":{"total":8,"covered":1,"skipped":0,"pct":12.5},"statements":{"total":62,"covered":22,"skipped":0,"pct":35.48},"branches":{"total":48,"covered":9,"skipped":0,"pct":18.75}}
,"/Users/giulia/Desktop/EGA-beacon-browser/client/src/components/Search.js": {"lines":{"total":20,"covered":11,"skipped":0,"pct":55},"functions":{"total":11,"covered":6,"skipped":0,"pct":54.54},"statements":{"total":20,"covered":11,"skipped":0,"pct":55},"branches":{"total":20,"covered":10,"skipped":0,"pct":50}}
,"/Users/giulia/Desktop/EGA-beacon-browser/client/src/components/TooltipHeader.js": {"lines":{"total":4,"covered":2,"skipped":0,"pct":50},"functions":{"total":2,"covered":0,"skipped":0,"pct":0},"statements":{"total":4,"covered":2,"skipped":0,"pct":50},"branches":{"total":0,"covered":0,"skipped":0,"pct":100}}
,"/Users/giulia/Desktop/EGA-beacon-browser/client/src/components/SignIn/LoggedIn.js": {"lines":{"total":17,"covered":10,"skipped":0,"pct":58.82},"functions":{"total":5,"covered":2,"skipped":0,"pct":40},"statements":{"total":18,"covered":10,"skipped":0,"pct":55.55},"branches":{"total":14,"covered":6,"skipped":0,"pct":42.85}}
,"/Users/giulia/Desktop/EGA-beacon-browser/client/src/components/SignIn/SignInForm.js": {"lines":{"total":5,"covered":0,"skipped":0,"pct":0},"functions":{"total":1,"covered":0,"skipped":0,"pct":0},"statements":{"total":5,"covered":0,"skipped":0,"pct":0},"branches":{"total":4,"covered":0,"skipped":0,"pct":0}}
}
