{"/Users/giulia/Desktop/EGA-beacon-browser/client/src/App.js": {"path":"/Users/giulia/Desktop/EGA-beacon-browser/client/src/App.js","statementMap":{"0":{"start":{"line":17,"column":32},"end":{"line":17,"column":44}},"1":{"start":{"line":18,"column":40},"end":{"line":18,"column":52}},"2":{"start":{"line":19,"column":38},"end":{"line":19,"column":50}},"3":{"start":{"line":20,"column":28},"end":{"line":20,"column":43}},"4":{"start":{"line":21,"column":54},"end":{"line":21,"column":69}},"5":{"start":{"line":22,"column":34},"end":{"line":22,"column":49}},"6":{"start":{"line":23,"column":46},"end":{"line":23,"column":58}},"7":{"start":{"line":24,"column":15},"end":{"line":24,"column":24}},"8":{"start":{"line":26,"column":25},"end":{"line":29,"column":3}},"9":{"start":{"line":28,"column":4},"end":{"line":28,"column":32}},"10":{"start":{"line":32,"column":17},"end":{"line":118,"column":3}},"11":{"start":{"line":33,"column":4},"end":{"line":33,"column":21}},"12":{"start":{"line":34,"column":20},"end":{"line":34,"column":22}},"13":{"start":{"line":35,"column":14},"end":{"line":35,"column":32}},"14":{"start":{"line":36,"column":4},"end":{"line":40,"column":5}},"15":{"start":{"line":37,"column":16},"end":{"line":37,"column":36}},"16":{"start":{"line":39,"column":16},"end":{"line":39,"column":48}},"17":{"start":{"line":41,"column":19},"end":{"line":41,"column":33}},"18":{"start":{"line":42,"column":21},"end":{"line":42,"column":37}},"19":{"start":{"line":43,"column":4},"end":{"line":43,"column":30}},"20":{"start":{"line":47,"column":4},"end":{"line":63,"column":5}},"21":{"start":{"line":49,"column":6},"end":{"line":57,"column":9}},"22":{"start":{"line":58,"column":6},"end":{"line":58,"column":47}},"23":{"start":{"line":59,"column":6},"end":{"line":59,"column":50}},"24":{"start":{"line":61,"column":6},"end":{"line":61,"column":27}},"25":{"start":{"line":62,"column":6},"end":{"line":62,"column":22}},"26":{"start":{"line":64,"column":4},"end":{"line":117,"column":5}},"27":{"start":{"line":65,"column":6},"end":{"line":86,"column":8}},"28":{"start":{"line":89,"column":6},"end":{"line":111,"column":7}},"29":{"start":{"line":91,"column":8},"end":{"line":100,"column":11}},"30":{"start":{"line":102,"column":8},"end":{"line":110,"column":11}},"31":{"start":{"line":112,"column":6},"end":{"line":112,"column":28}},"32":{"start":{"line":113,"column":6},"end":{"line":113,"column":52}},"33":{"start":{"line":114,"column":6},"end":{"line":114,"column":24}},"34":{"start":{"line":116,"column":6},"end":{"line":116,"column":27}},"35":{"start":{"line":120,"column":2},"end":{"line":170,"column":4}}},"fnMap":{"0":{"name":"App","decl":{"start":{"line":15,"column":9},"end":{"line":15,"column":12}},"loc":{"start":{"line":15,"column":15},"end":{"line":171,"column":1}},"line":15},"1":{"name":"(anonymous_1)","decl":{"start":{"line":26,"column":25},"end":{"line":26,"column":26}},"loc":{"start":{"line":26,"column":31},"end":{"line":29,"column":3}},"line":26},"2":{"name":"(anonymous_2)","decl":{"start":{"line":32,"column":17},"end":{"line":32,"column":18}},"loc":{"start":{"line":32,"column":44},"end":{"line":118,"column":3}},"line":32}},"branchMap":{"0":{"loc":{"start":{"line":36,"column":4},"end":{"line":40,"column":5}},"type":"if","locations":[{"start":{"line":36,"column":4},"end":{"line":40,"column":5}},{"start":{"line":36,"column":4},"end":{"line":40,"column":5}}],"line":36},"1":{"loc":{"start":{"line":89,"column":6},"end":{"line":111,"column":7}},"type":"if","locations":[{"start":{"line":89,"column":6},"end":{"line":111,"column":7}},{"start":{"line":89,"column":6},"end":{"line":111,"column":7}}],"line":89},"2":{"loc":{"start":{"line":89,"column":10},"end":{"line":89,"column":31}},"type":"binary-expr","locations":[{"start":{"line":89,"column":10},"end":{"line":89,"column":14}},{"start":{"line":89,"column":18},"end":{"line":89,"column":31}}],"line":89},"3":{"loc":{"start":{"line":134,"column":15},"end":{"line":134,"column":54}},"type":"binary-expr","locations":[{"start":{"line":134,"column":15},"end":{"line":134,"column":19}},{"start":{"line":134,"column":23},"end":{"line":134,"column":36}},{"start":{"line":134,"column":40},"end":{"line":134,"column":54}}],"line":134},"4":{"loc":{"start":{"line":135,"column":15},"end":{"line":135,"column":69}},"type":"binary-expr","locations":[{"start":{"line":135,"column":15},"end":{"line":135,"column":29}},{"start":{"line":135,"column":33},"end":{"line":135,"column":51}},{"start":{"line":135,"column":55},"end":{"line":135,"column":69}}],"line":135},"5":{"loc":{"start":{"line":141,"column":11},"end":{"line":141,"column":78}},"type":"binary-expr","locations":[{"start":{"line":141,"column":11},"end":{"line":141,"column":29}},{"start":{"line":141,"column":33},"end":{"line":141,"column":48}},{"start":{"line":141,"column":52},"end":{"line":141,"column":78}}],"line":141},"6":{"loc":{"start":{"line":142,"column":11},"end":{"line":150,"column":11}},"type":"binary-expr","locations":[{"start":{"line":142,"column":11},"end":{"line":142,"column":30}},{"start":{"line":142,"column":34},"end":{"line":142,"column":49}},{"start":{"line":143,"column":12},"end":{"line":149,"column":14}}],"line":142},"7":{"loc":{"start":{"line":152,"column":11},"end":{"line":154,"column":11}},"type":"binary-expr","locations":[{"start":{"line":152,"column":11},"end":{"line":152,"column":30}},{"start":{"line":152,"column":34},"end":{"line":152,"column":49}},{"start":{"line":152,"column":53},"end":{"line":152,"column":74}},{"start":{"line":153,"column":12},"end":{"line":153,"column":30}}],"line":152},"8":{"loc":{"start":{"line":156,"column":11},"end":{"line":164,"column":11}},"type":"binary-expr","locations":[{"start":{"line":156,"column":11},"end":{"line":156,"column":26}},{"start":{"line":157,"column":12},"end":{"line":163,"column":14}}],"line":156}},"s":{"0":25,"1":20,"2":20,"3":20,"4":20,"5":20,"6":20,"7":20,"8":20,"9":0,"10":20,"11":0,"12":0,"13":0,"14":0,"15":0,"16":0,"17":0,"18":0,"19":0,"20":0,"21":0,"22":0,"23":0,"24":0,"25":0,"26":0,"27":0,"28":0,"29":0,"30":0,"31":0,"32":0,"33":0,"34":0,"35":20},"f":{"0":25,"1":0,"2":0},"b":{"0":[0,0],"1":[0,0],"2":[0,0],"3":[20,20,0],"4":[20,20,0],"5":[20,0,0],"6":[20,20,20],"7":[20,20,20,20],"8":[20,0]},"_coverageSchema":"1a1c01bbd47fc00a2c39e90264f33305004495a9","hash":"394e12d874d237011b3ab1ed5b0f1f7ce4392948"}
,"/Users/giulia/Desktop/EGA-beacon-browser/client/src/index.js": {"path":"/Users/giulia/Desktop/EGA-beacon-browser/client/src/index.js","statementMap":{"0":{"start":{"line":12,"column":13},"end":{"line":12,"column":65}},"1":{"start":{"line":13,"column":19},"end":{"line":29,"column":1}},"2":{"start":{"line":15,"column":4},"end":{"line":15,"column":33}},"3":{"start":{"line":16,"column":4},"end":{"line":16,"column":30}},"4":{"start":{"line":30,"column":0},"end":{"line":36,"column":2}},"5":{"start":{"line":41,"column":0},"end":{"line":41,"column":18}}},"fnMap":{"0":{"name":"(anonymous_0)","decl":{"start":{"line":14,"column":12},"end":{"line":14,"column":13}},"loc":{"start":{"line":14,"column":28},"end":{"line":17,"column":3}},"line":14}},"branchMap":{"0":{"loc":{"start":{"line":26,"column":4},"end":{"line":26,"column":69}},"type":"binary-expr","locations":[{"start":{"line":26,"column":4},"end":{"line":26,"column":42}},{"start":{"line":26,"column":46},"end":{"line":26,"column":69}}],"line":26}},"s":{"0":5,"1":5,"2":0,"3":0,"4":5,"5":5},"f":{"0":0},"b":{"0":[5,5]},"_coverageSchema":"1a1c01bbd47fc00a2c39e90264f33305004495a9","hash":"3380ee167db076a8d4dbdb662202f4f7fa1630aa"}
,"/Users/giulia/Desktop/EGA-beacon-browser/client/src/reportWebVitals.js": {"path":"/Users/giulia/Desktop/EGA-beacon-browser/client/src/reportWebVitals.js","statementMap":{"0":{"start":{"line":1,"column":24},"end":{"line":11,"column":1}},"1":{"start":{"line":2,"column":2},"end":{"line":10,"column":3}},"2":{"start":{"line":3,"column":4},"end":{"line":9,"column":7}},"3":{"start":{"line":4,"column":6},"end":{"line":4,"column":26}},"4":{"start":{"line":5,"column":6},"end":{"line":5,"column":26}},"5":{"start":{"line":6,"column":6},"end":{"line":6,"column":26}},"6":{"start":{"line":7,"column":6},"end":{"line":7,"column":26}},"7":{"start":{"line":8,"column":6},"end":{"line":8,"column":27}}},"fnMap":{"0":{"name":"(anonymous_0)","decl":{"start":{"line":1,"column":24},"end":{"line":1,"column":25}},"loc":{"start":{"line":1,"column":39},"end":{"line":11,"column":1}},"line":1},"1":{"name":"(anonymous_1)","decl":{"start":{"line":3,"column":30},"end":{"line":3,"column":31}},"loc":{"start":{"line":3,"column":79},"end":{"line":9,"column":5}},"line":3}},"branchMap":{"0":{"loc":{"start":{"line":2,"column":2},"end":{"line":10,"column":3}},"type":"if","locations":[{"start":{"line":2,"column":2},"end":{"line":10,"column":3}},{"start":{"line":2,"column":2},"end":{"line":10,"column":3}}],"line":2},"1":{"loc":{"start":{"line":2,"column":6},"end":{"line":2,"column":52}},"type":"binary-expr","locations":[{"start":{"line":2,"column":6},"end":{"line":2,"column":17}},{"start":{"line":2,"column":21},"end":{"line":2,"column":52}}],"line":2}},"s":{"0":5,"1":5,"2":0,"3":0,"4":0,"5":0,"6":0,"7":0},"f":{"0":5,"1":0},"b":{"0":[0,5],"1":[5,0]},"_coverageSchema":"1a1c01bbd47fc00a2c39e90264f33305004495a9","hash":"be655c18147d1af7dd1e0a9d2ab25e0c2fea9c79"}
,"/Users/giulia/Desktop/EGA-beacon-browser/client/src/components/CustomTheme.js": {"path":"/Users/giulia/Desktop/EGA-beacon-browser/client/src/components/CustomTheme.js","statementMap":{"0":{"start":{"line":4,"column":20},"end":{"line":54,"column":2}}},"fnMap":{},"branchMap":{},"s":{"0":5},"f":{},"b":{},"_coverageSchema":"1a1c01bbd47fc00a2c39e90264f33305004495a9","hash":"3b86b43a1897c2f9623ea9d67132e1faa9654dda"}
,"/Users/giulia/Desktop/EGA-beacon-browser/client/src/components/Footer.js": {"path":"/Users/giulia/Desktop/EGA-beacon-browser/client/src/components/Footer.js","statementMap":{"0":{"start":{"line":4,"column":2},"end":{"line":8,"column":4}}},"fnMap":{"0":{"name":"Footer","decl":{"start":{"line":3,"column":9},"end":{"line":3,"column":15}},"loc":{"start":{"line":3,"column":18},"end":{"line":9,"column":1}},"line":3}},"branchMap":{},"s":{"0":20},"f":{"0":20},"b":{},"_coverageSchema":"1a1c01bbd47fc00a2c39e90264f33305004495a9","hash":"1d2fb54fa8581ec5fbf7145d2848b86acec6b95f"}
,"/Users/giulia/Desktop/EGA-beacon-browser/client/src/components/Navbar.js": {"path":"/Users/giulia/Desktop/EGA-beacon-browser/client/src/components/Navbar.js","statementMap":{"0":{"start":{"line":6,"column":21},"end":{"line":23,"column":1}},"1":{"start":{"line":7,"column":2},"end":{"line":22,"column":4}}},"fnMap":{"0":{"name":"(anonymous_0)","decl":{"start":{"line":6,"column":21},"end":{"line":6,"column":22}},"loc":{"start":{"line":6,"column":45},"end":{"line":23,"column":1}},"line":6}},"branchMap":{},"s":{"0":5,"1":20},"f":{"0":20},"b":{},"_coverageSchema":"1a1c01bbd47fc00a2c39e90264f33305004495a9","hash":"1329a24891e4f65d6d00368438025d6fa2c613d0"}
,"/Users/giulia/Desktop/EGA-beacon-browser/client/src/components/NetworkMembers.js": {"path":"/Users/giulia/Desktop/EGA-beacon-browser/client/src/components/NetworkMembers.js","statementMap":{"0":{"start":{"line":5,"column":2},"end":{"line":37,"column":4}}},"fnMap":{"0":{"name":"NetworkMembers","decl":{"start":{"line":4,"column":9},"end":{"line":4,"column":23}},"loc":{"start":{"line":4,"column":26},"end":{"line":38,"column":1}},"line":4}},"branchMap":{},"s":{"0":20},"f":{"0":20},"b":{},"_coverageSchema":"1a1c01bbd47fc00a2c39e90264f33305004495a9","hash":"325a95e1abbd14d0043ad218a37501ec57d7a7bd"}
,"/Users/giulia/Desktop/EGA-beacon-browser/client/src/components/ResultList.js": {"path":"/Users/giulia/Desktop/EGA-beacon-browser/client/src/components/ResultList.js","statementMap":{"0":{"start":{"line":13,"column":2},"end":{"line":13,"column":42}},"1":{"start":{"line":14,"column":2},"end":{"line":14,"column":46}},"2":{"start":{"line":15,"column":2},"end":{"line":17,"column":5}},"3":{"start":{"line":16,"column":4},"end":{"line":16,"column":44}},"4":{"start":{"line":18,"column":2},"end":{"line":18,"column":50}},"5":{"start":{"line":20,"column":10},"end":{"line":20,"column":11}},"6":{"start":{"line":21,"column":16},"end":{"line":21,"column":18}},"7":{"start":{"line":22,"column":13},"end":{"line":22,"column":15}},"8":{"start":{"line":23,"column":23},"end":{"line":23,"column":25}},"9":{"start":{"line":24,"column":19},"end":{"line":24,"column":21}},"10":{"start":{"line":25,"column":15},"end":{"line":25,"column":17}},"11":{"start":{"line":26,"column":20},"end":{"line":26,"column":21}},"12":{"start":{"line":27,"column":22},"end":{"line":27,"column":24}},"13":{"start":{"line":28,"column":19},"end":{"line":28,"column":21}},"14":{"start":{"line":29,"column":19},"end":{"line":29,"column":21}},"15":{"start":{"line":30,"column":16},"end":{"line":30,"column":18}},"16":{"start":{"line":31,"column":19},"end":{"line":31,"column":21}},"17":{"start":{"line":32,"column":19},"end":{"line":32,"column":21}},"18":{"start":{"line":33,"column":13},"end":{"line":33,"column":15}},"19":{"start":{"line":34,"column":2},"end":{"line":139,"column":3}},"20":{"start":{"line":35,"column":24},"end":{"line":135,"column":6}},"21":{"start":{"line":36,"column":6},"end":{"line":36,"column":66}},"22":{"start":{"line":37,"column":6},"end":{"line":96,"column":7}},"23":{"start":{"line":38,"column":8},"end":{"line":38,"column":28}},"24":{"start":{"line":39,"column":8},"end":{"line":39,"column":18}},"25":{"start":{"line":40,"column":8},"end":{"line":40,"column":28}},"26":{"start":{"line":42,"column":8},"end":{"line":95,"column":11}},"27":{"start":{"line":43,"column":10},"end":{"line":94,"column":11}},"28":{"start":{"line":44,"column":12},"end":{"line":93,"column":13}},"29":{"start":{"line":45,"column":14},"end":{"line":45,"column":30}},"30":{"start":{"line":46,"column":14},"end":{"line":46,"column":34}},"31":{"start":{"line":48,"column":14},"end":{"line":92,"column":17}},"32":{"start":{"line":49,"column":16},"end":{"line":91,"column":19}},"33":{"start":{"line":50,"column":18},"end":{"line":52,"column":44}},"34":{"start":{"line":54,"column":18},"end":{"line":56,"column":56}},"35":{"start":{"line":58,"column":18},"end":{"line":60,"column":54}},"36":{"start":{"line":62,"column":18},"end":{"line":77,"column":19}},"37":{"start":{"line":66,"column":20},"end":{"line":66,"column":37}},"38":{"start":{"line":67,"column":25},"end":{"line":77,"column":19}},"39":{"start":{"line":71,"column":20},"end":{"line":71,"column":37}},"40":{"start":{"line":72,"column":25},"end":{"line":77,"column":19}},"41":{"start":{"line":76,"column":20},"end":{"line":76,"column":36}},"42":{"start":{"line":79,"column":18},"end":{"line":89,"column":21}},"43":{"start":{"line":90,"column":18},"end":{"line":90,"column":63}},"44":{"start":{"line":97,"column":6},"end":{"line":130,"column":7}},"45":{"start":{"line":98,"column":8},"end":{"line":109,"column":11}},"46":{"start":{"line":99,"column":10},"end":{"line":108,"column":15}},"47":{"start":{"line":111,"column":8},"end":{"line":129,"column":11}},"48":{"start":{"line":112,"column":10},"end":{"line":128,"column":11}},"49":{"start":{"line":117,"column":12},"end":{"line":117,"column":44}},"50":{"start":{"line":118,"column":12},"end":{"line":124,"column":14}},"51":{"start":{"line":125,"column":12},"end":{"line":125,"column":42}},"52":{"start":{"line":126,"column":12},"end":{"line":126,"column":45}},"53":{"start":{"line":127,"column":12},"end":{"line":127,"column":32}},"54":{"start":{"line":131,"column":6},"end":{"line":131,"column":16}},"55":{"start":{"line":132,"column":6},"end":{"line":132,"column":19}},"56":{"start":{"line":133,"column":6},"end":{"line":133,"column":22}},"57":{"start":{"line":134,"column":6},"end":{"line":134,"column":23}},"58":{"start":{"line":137,"column":4},"end":{"line":137,"column":21}},"59":{"start":{"line":138,"column":4},"end":{"line":138,"column":25}},"60":{"start":{"line":141,"column":23},"end":{"line":147,"column":3}},"61":{"start":{"line":149,"column":2},"end":{"line":222,"column":4}}},"fnMap":{"0":{"name":"ResultList","decl":{"start":{"line":6,"column":9},"end":{"line":6,"column":19}},"loc":{"start":{"line":12,"column":3},"end":{"line":223,"column":1}},"line":12},"1":{"name":"(anonymous_1)","decl":{"start":{"line":15,"column":18},"end":{"line":15,"column":19}},"loc":{"start":{"line":15,"column":37},"end":{"line":17,"column":3}},"line":15},"2":{"name":"(anonymous_2)","decl":{"start":{"line":35,"column":36},"end":{"line":35,"column":37}},"loc":{"start":{"line":35,"column":55},"end":{"line":135,"column":5}},"line":35},"3":{"name":"(anonymous_3)","decl":{"start":{"line":42,"column":27},"end":{"line":42,"column":28}},"loc":{"start":{"line":42,"column":40},"end":{"line":95,"column":9}},"line":42},"4":{"name":"(anonymous_4)","decl":{"start":{"line":48,"column":49},"end":{"line":48,"column":50}},"loc":{"start":{"line":48,"column":76},"end":{"line":92,"column":15}},"line":48},"5":{"name":"(anonymous_5)","decl":{"start":{"line":49,"column":54},"end":{"line":49,"column":55}},"loc":{"start":{"line":49,"column":69},"end":{"line":91,"column":17}},"line":49},"6":{"name":"(anonymous_6)","decl":{"start":{"line":98,"column":33},"end":{"line":98,"column":34}},"loc":{"start":{"line":99,"column":10},"end":{"line":108,"column":15}},"line":99},"7":{"name":"(anonymous_7)","decl":{"start":{"line":111,"column":24},"end":{"line":111,"column":25}},"loc":{"start":{"line":111,"column":34},"end":{"line":129,"column":9}},"line":111}},"branchMap":{"0":{"loc":{"start":{"line":34,"column":2},"end":{"line":139,"column":3}},"type":"if","locations":[{"start":{"line":34,"column":2},"end":{"line":139,"column":3}},{"start":{"line":34,"column":2},"end":{"line":139,"column":3}}],"line":34},"1":{"loc":{"start":{"line":37,"column":6},"end":{"line":96,"column":7}},"type":"if","locations":[{"start":{"line":37,"column":6},"end":{"line":96,"column":7}},{"start":{"line":37,"column":6},"end":{"line":96,"column":7}}],"line":37},"2":{"loc":{"start":{"line":43,"column":10},"end":{"line":94,"column":11}},"type":"if","locations":[{"start":{"line":43,"column":10},"end":{"line":94,"column":11}},{"start":{"line":43,"column":10},"end":{"line":94,"column":11}}],"line":43},"3":{"loc":{"start":{"line":44,"column":12},"end":{"line":93,"column":13}},"type":"if","locations":[{"start":{"line":44,"column":12},"end":{"line":93,"column":13}},{"start":{"line":44,"column":12},"end":{"line":93,"column":13}}],"line":44},"4":{"loc":{"start":{"line":50,"column":28},"end":{"line":52,"column":43}},"type":"cond-expr","locations":[{"start":{"line":51,"column":22},"end":{"line":51,"column":46}},{"start":{"line":52,"column":22},"end":{"line":52,"column":43}}],"line":50},"5":{"loc":{"start":{"line":54,"column":31},"end":{"line":56,"column":55}},"type":"cond-expr","locations":[{"start":{"line":55,"column":22},"end":{"line":55,"column":58}},{"start":{"line":56,"column":22},"end":{"line":56,"column":55}}],"line":54},"6":{"loc":{"start":{"line":58,"column":31},"end":{"line":60,"column":53}},"type":"cond-expr","locations":[{"start":{"line":59,"column":22},"end":{"line":59,"column":56}},{"start":{"line":60,"column":22},"end":{"line":60,"column":53}}],"line":58},"7":{"loc":{"start":{"line":62,"column":18},"end":{"line":77,"column":19}},"type":"if","locations":[{"start":{"line":62,"column":18},"end":{"line":77,"column":19}},{"start":{"line":62,"column":18},"end":{"line":77,"column":19}}],"line":62},"8":{"loc":{"start":{"line":63,"column":20},"end":{"line":64,"column":64}},"type":"binary-expr","locations":[{"start":{"line":63,"column":20},"end":{"line":63,"column":64}},{"start":{"line":64,"column":20},"end":{"line":64,"column":64}}],"line":63},"9":{"loc":{"start":{"line":67,"column":25},"end":{"line":77,"column":19}},"type":"if","locations":[{"start":{"line":67,"column":25},"end":{"line":77,"column":19}},{"start":{"line":67,"column":25},"end":{"line":77,"column":19}}],"line":67},"10":{"loc":{"start":{"line":68,"column":20},"end":{"line":69,"column":64}},"type":"binary-expr","locations":[{"start":{"line":68,"column":20},"end":{"line":68,"column":64}},{"start":{"line":69,"column":20},"end":{"line":69,"column":64}}],"line":68},"11":{"loc":{"start":{"line":72,"column":25},"end":{"line":77,"column":19}},"type":"if","locations":[{"start":{"line":72,"column":25},"end":{"line":77,"column":19}},{"start":{"line":72,"column":25},"end":{"line":77,"column":19}}],"line":72},"12":{"loc":{"start":{"line":73,"column":20},"end":{"line":74,"column":64}},"type":"binary-expr","locations":[{"start":{"line":73,"column":20},"end":{"line":73,"column":64}},{"start":{"line":74,"column":20},"end":{"line":74,"column":64}}],"line":73},"13":{"loc":{"start":{"line":97,"column":6},"end":{"line":130,"column":7}},"type":"if","locations":[{"start":{"line":97,"column":6},"end":{"line":130,"column":7}},{"start":{"line":97,"column":6},"end":{"line":130,"column":7}}],"line":97},"14":{"loc":{"start":{"line":112,"column":10},"end":{"line":128,"column":11}},"type":"if","locations":[{"start":{"line":112,"column":10},"end":{"line":128,"column":11}},{"start":{"line":112,"column":10},"end":{"line":128,"column":11}}],"line":112},"15":{"loc":{"start":{"line":113,"column":12},"end":{"line":115,"column":48}},"type":"binary-expr","locations":[{"start":{"line":113,"column":12},"end":{"line":113,"column":25}},{"start":{"line":114,"column":12},"end":{"line":114,"column":26}},{"start":{"line":115,"column":12},"end":{"line":115,"column":48}}],"line":113},"16":{"loc":{"start":{"line":151,"column":7},"end":{"line":207,"column":7}},"type":"binary-expr","locations":[{"start":{"line":151,"column":7},"end":{"line":151,"column":14}},{"start":{"line":151,"column":18},"end":{"line":151,"column":35}},{"start":{"line":152,"column":8},"end":{"line":206,"column":14}}],"line":151},"17":{"loc":{"start":{"line":167,"column":13},"end":{"line":167,"column":78}},"type":"binary-expr","locations":[{"start":{"line":167,"column":13},"end":{"line":167,"column":27}},{"start":{"line":167,"column":31},"end":{"line":167,"column":78}}],"line":167},"18":{"loc":{"start":{"line":208,"column":7},"end":{"line":210,"column":7}},"type":"binary-expr","locations":[{"start":{"line":208,"column":7},"end":{"line":208,"column":24}},{"start":{"line":208,"column":28},"end":{"line":208,"column":42}},{"start":{"line":209,"column":8},"end":{"line":209,"column":56}}],"line":208},"19":{"loc":{"start":{"line":211,"column":7},"end":{"line":213,"column":7}},"type":"binary-expr","locations":[{"start":{"line":211,"column":7},"end":{"line":211,"column":32}},{"start":{"line":211,"column":36},"end":{"line":211,"column":53}},{"start":{"line":212,"column":8},"end":{"line":212,"column":56}}],"line":211},"20":{"loc":{"start":{"line":214,"column":7},"end":{"line":214,"column":67}},"type":"binary-expr","locations":[{"start":{"line":214,"column":7},"end":{"line":214,"column":15}},{"start":{"line":214,"column":19},"end":{"line":214,"column":67}}],"line":214},"21":{"loc":{"start":{"line":215,"column":7},"end":{"line":220,"column":7}},"type":"binary-expr","locations":[{"start":{"line":215,"column":7},"end":{"line":215,"column":22}},{"start":{"line":216,"column":8},"end":{"line":219,"column":12}}],"line":215}},"s":{"0":20,"1":20,"2":20,"3":0,"4":20,"5":20,"6":20,"7":20,"8":20,"9":20,"10":20,"11":20,"12":20,"13":20,"14":20,"15":20,"16":20,"17":20,"18":20,"19":20,"20":20,"21":0,"22":0,"23":0,"24":0,"25":0,"26":0,"27":0,"28":0,"29":0,"30":0,"31":0,"32":0,"33":0,"34":0,"35":0,"36":0,"37":0,"38":0,"39":0,"40":0,"41":0,"42":0,"43":0,"44":0,"45":0,"46":0,"47":0,"48":0,"49":0,"50":0,"51":0,"52":0,"53":0,"54":0,"55":0,"56":0,"57":0,"58":0,"59":0,"60":20,"61":20},"f":{"0":20,"1":0,"2":0,"3":0,"4":0,"5":0,"6":0,"7":0},"b":{"0":[20,0],"1":[0,0],"2":[0,0],"3":[0,0],"4":[0,0],"5":[0,0],"6":[0,0],"7":[0,0],"8":[0,0],"9":[0,0],"10":[0,0],"11":[0,0],"12":[0,0],"13":[0,0],"14":[0,0],"15":[0,0,0],"16":[20,20,0],"17":[0,0],"18":[20,20,0],"19":[20,20,0],"20":[20,0],"21":[20,0]},"_coverageSchema":"1a1c01bbd47fc00a2c39e90264f33305004495a9","hash":"3854da23f3c59dfa4e10321683e94812554bcf54"}
,"/Users/giulia/Desktop/EGA-beacon-browser/client/src/components/Search.js": {"path":"/Users/giulia/Desktop/EGA-beacon-browser/client/src/components/Search.js","statementMap":{"0":{"start":{"line":12,"column":21},"end":{"line":20,"column":2}},"1":{"start":{"line":23,"column":18},"end":{"line":23,"column":60}},"2":{"start":{"line":28,"column":19},"end":{"line":31,"column":3}},"3":{"start":{"line":29,"column":4},"end":{"line":29,"column":31}},"4":{"start":{"line":30,"column":4},"end":{"line":30,"column":48}},"5":{"start":{"line":35,"column":24},"end":{"line":52,"column":4}},"6":{"start":{"line":36,"column":4},"end":{"line":36,"column":58}},"7":{"start":{"line":54,"column":2},"end":{"line":207,"column":4}},"8":{"start":{"line":72,"column":30},"end":{"line":84,"column":11}},"9":{"start":{"line":73,"column":12},"end":{"line":73,"column":35}},"10":{"start":{"line":74,"column":31},"end":{"line":74,"column":66}},"11":{"start":{"line":75,"column":32},"end":{"line":81,"column":34}},"12":{"start":{"line":83,"column":12},"end":{"line":83,"column":50}},"13":{"start":{"line":86,"column":10},"end":{"line":203,"column":12}},"14":{"start":{"line":118,"column":24},"end":{"line":118,"column":59}},"15":{"start":{"line":121,"column":24},"end":{"line":139,"column":26}},"16":{"start":{"line":156,"column":36},"end":{"line":156,"column":66}},"17":{"start":{"line":159,"column":24},"end":{"line":159,"column":80}},"18":{"start":{"line":163,"column":24},"end":{"line":171,"column":26}},"19":{"start":{"line":197,"column":33},"end":{"line":197,"column":76}}},"fnMap":{"0":{"name":"Search","decl":{"start":{"line":27,"column":9},"end":{"line":27,"column":15}},"loc":{"start":{"line":27,"column":40},"end":{"line":208,"column":1}},"line":27},"1":{"name":"(anonymous_1)","decl":{"start":{"line":28,"column":19},"end":{"line":28,"column":20}},"loc":{"start":{"line":28,"column":46},"end":{"line":31,"column":3}},"line":28},"2":{"name":"(anonymous_2)","decl":{"start":{"line":35,"column":31},"end":{"line":35,"column":32}},"loc":{"start":{"line":36,"column":4},"end":{"line":36,"column":58}},"line":36},"3":{"name":"(anonymous_3)","decl":{"start":{"line":64,"column":9},"end":{"line":64,"column":10}},"loc":{"start":{"line":71,"column":14},"end":{"line":204,"column":9}},"line":71},"4":{"name":"(anonymous_4)","decl":{"start":{"line":72,"column":30},"end":{"line":72,"column":31}},"loc":{"start":{"line":72,"column":41},"end":{"line":84,"column":11}},"line":72},"5":{"name":"(anonymous_5)","decl":{"start":{"line":117,"column":37},"end":{"line":117,"column":38}},"loc":{"start":{"line":117,"column":58},"end":{"line":119,"column":23}},"line":117},"6":{"name":"(anonymous_6)","decl":{"start":{"line":120,"column":35},"end":{"line":120,"column":36}},"loc":{"start":{"line":121,"column":24},"end":{"line":139,"column":26}},"line":121},"7":{"name":"(anonymous_7)","decl":{"start":{"line":156,"column":24},"end":{"line":156,"column":25}},"loc":{"start":{"line":156,"column":36},"end":{"line":156,"column":66}},"line":156},"8":{"name":"(anonymous_8)","decl":{"start":{"line":158,"column":32},"end":{"line":158,"column":33}},"loc":{"start":{"line":158,"column":53},"end":{"line":160,"column":23}},"line":158},"9":{"name":"(anonymous_9)","decl":{"start":{"line":162,"column":35},"end":{"line":162,"column":36}},"loc":{"start":{"line":163,"column":24},"end":{"line":171,"column":26}},"line":163},"10":{"name":"(anonymous_10)","decl":{"start":{"line":197,"column":27},"end":{"line":197,"column":28}},"loc":{"start":{"line":197,"column":33},"end":{"line":197,"column":76}},"line":197}},"branchMap":{"0":{"loc":{"start":{"line":126,"column":41},"end":{"line":126,"column":74}},"type":"binary-expr","locations":[{"start":{"line":126,"column":41},"end":{"line":126,"column":56}},{"start":{"line":126,"column":60},"end":{"line":126,"column":74}}],"line":126},"1":{"loc":{"start":{"line":128,"column":28},"end":{"line":130,"column":34}},"type":"cond-expr","locations":[{"start":{"line":129,"column":32},"end":{"line":129,"column":46}},{"start":{"line":130,"column":32},"end":{"line":130,"column":34}}],"line":128},"2":{"loc":{"start":{"line":128,"column":28},"end":{"line":128,"column":61}},"type":"binary-expr","locations":[{"start":{"line":128,"column":28},"end":{"line":128,"column":43}},{"start":{"line":128,"column":47},"end":{"line":128,"column":61}}],"line":128},"3":{"loc":{"start":{"line":136,"column":32},"end":{"line":136,"column":78}},"type":"cond-expr","locations":[{"start":{"line":136,"column":68},"end":{"line":136,"column":73}},{"start":{"line":136,"column":76},"end":{"line":136,"column":78}}],"line":136},"4":{"loc":{"start":{"line":136,"column":32},"end":{"line":136,"column":65}},"type":"binary-expr","locations":[{"start":{"line":136,"column":32},"end":{"line":136,"column":47}},{"start":{"line":136,"column":51},"end":{"line":136,"column":65}}],"line":136},"5":{"loc":{"start":{"line":159,"column":48},"end":{"line":159,"column":78}},"type":"cond-expr","locations":[{"start":{"line":159,"column":59},"end":{"line":159,"column":73}},{"start":{"line":159,"column":76},"end":{"line":159,"column":78}}],"line":159},"6":{"loc":{"start":{"line":167,"column":41},"end":{"line":167,"column":72}},"type":"binary-expr","locations":[{"start":{"line":167,"column":41},"end":{"line":167,"column":54}},{"start":{"line":167,"column":58},"end":{"line":167,"column":72}}],"line":167},"7":{"loc":{"start":{"line":169,"column":28},"end":{"line":169,"column":80}},"type":"cond-expr","locations":[{"start":{"line":169,"column":62},"end":{"line":169,"column":75}},{"start":{"line":169,"column":78},"end":{"line":169,"column":80}}],"line":169},"8":{"loc":{"start":{"line":169,"column":28},"end":{"line":169,"column":59}},"type":"binary-expr","locations":[{"start":{"line":169,"column":28},"end":{"line":169,"column":41}},{"start":{"line":169,"column":45},"end":{"line":169,"column":59}}],"line":169},"9":{"loc":{"start":{"line":181,"column":32},"end":{"line":181,"column":63}},"type":"binary-expr","locations":[{"start":{"line":181,"column":32},"end":{"line":181,"column":46}},{"start":{"line":181,"column":50},"end":{"line":181,"column":63}}],"line":181}},"s":{"0":5,"1":5,"2":20,"3":0,"4":0,"5":20,"6":20,"7":20,"8":20,"9":0,"10":0,"11":0,"12":0,"13":20,"14":0,"15":30,"16":20,"17":0,"18":30,"19":0},"f":{"0":20,"1":0,"2":20,"3":20,"4":0,"5":0,"6":30,"7":20,"8":0,"9":30,"10":0},"b":{"0":[30,0],"1":[0,30],"2":[30,0],"3":[0,30],"4":[30,0],"5":[0,0],"6":[30,0],"7":[0,30],"8":[30,0],"9":[20,20]},"_coverageSchema":"1a1c01bbd47fc00a2c39e90264f33305004495a9","hash":"5f379aa9c9eb0dd1d176dc6ae99fba6ddf8305d3"}
,"/Users/giulia/Desktop/EGA-beacon-browser/client/src/components/TooltipHeader.js": {"path":"/Users/giulia/Desktop/EGA-beacon-browser/client/src/components/TooltipHeader.js","statementMap":{"0":{"start":{"line":7,"column":22},"end":{"line":22,"column":2}},"1":{"start":{"line":8,"column":2},"end":{"line":8,"column":56}},"2":{"start":{"line":25,"column":22},"end":{"line":31,"column":1}},"3":{"start":{"line":26,"column":2},"end":{"line":30,"column":4}}},"fnMap":{"0":{"name":"(anonymous_0)","decl":{"start":{"line":7,"column":29},"end":{"line":7,"column":30}},"loc":{"start":{"line":8,"column":2},"end":{"line":8,"column":56}},"line":8},"1":{"name":"(anonymous_1)","decl":{"start":{"line":25,"column":22},"end":{"line":25,"column":23}},"loc":{"start":{"line":25,"column":47},"end":{"line":31,"column":1}},"line":25}},"branchMap":{},"s":{"0":5,"1":0,"2":5,"3":0},"f":{"0":0,"1":0},"b":{},"_coverageSchema":"1a1c01bbd47fc00a2c39e90264f33305004495a9","hash":"2edcc887c0b47cf2c5bd6ed353a46e315a974044"}
,"/Users/giulia/Desktop/EGA-beacon-browser/client/src/components/SignIn/LoggedIn.js": {"path":"/Users/giulia/Desktop/EGA-beacon-browser/client/src/components/SignIn/LoggedIn.js","statementMap":{"0":{"start":{"line":5,"column":17},"end":{"line":65,"column":1}},"1":{"start":{"line":6,"column":34},"end":{"line":6,"column":49}},"2":{"start":{"line":7,"column":46},"end":{"line":7,"column":61}},"3":{"start":{"line":8,"column":15},"end":{"line":8,"column":24}},"4":{"start":{"line":10,"column":27},"end":{"line":15,"column":3}},"5":{"start":{"line":11,"column":4},"end":{"line":11,"column":21}},"6":{"start":{"line":12,"column":4},"end":{"line":12,"column":22}},"7":{"start":{"line":13,"column":4},"end":{"line":13,"column":53}},"8":{"start":{"line":14,"column":4},"end":{"line":14,"column":60}},"9":{"start":{"line":24,"column":28},"end":{"line":26,"column":3}},"10":{"start":{"line":25,"column":4},"end":{"line":25,"column":28}},"11":{"start":{"line":27,"column":2},"end":{"line":33,"column":23}},"12":{"start":{"line":28,"column":4},"end":{"line":32,"column":5}},"13":{"start":{"line":29,"column":6},"end":{"line":29,"column":44}},"14":{"start":{"line":29,"column":23},"end":{"line":29,"column":37}},"15":{"start":{"line":35,"column":2},"end":{"line":64,"column":3}},"16":{"start":{"line":36,"column":4},"end":{"line":48,"column":6}},"17":{"start":{"line":51,"column":4},"end":{"line":63,"column":6}}},"fnMap":{"0":{"name":"(anonymous_0)","decl":{"start":{"line":5,"column":17},"end":{"line":5,"column":18}},"loc":{"start":{"line":5,"column":41},"end":{"line":65,"column":1}},"line":5},"1":{"name":"(anonymous_1)","decl":{"start":{"line":10,"column":27},"end":{"line":10,"column":28}},"loc":{"start":{"line":10,"column":33},"end":{"line":15,"column":3}},"line":10},"2":{"name":"(anonymous_2)","decl":{"start":{"line":24,"column":28},"end":{"line":24,"column":29}},"loc":{"start":{"line":24,"column":34},"end":{"line":26,"column":3}},"line":24},"3":{"name":"(anonymous_3)","decl":{"start":{"line":27,"column":12},"end":{"line":27,"column":13}},"loc":{"start":{"line":27,"column":18},"end":{"line":33,"column":3}},"line":27},"4":{"name":"(anonymous_4)","decl":{"start":{"line":29,"column":17},"end":{"line":29,"column":18}},"loc":{"start":{"line":29,"column":23},"end":{"line":29,"column":37}},"line":29}},"branchMap":{"0":{"loc":{"start":{"line":28,"column":4},"end":{"line":32,"column":5}},"type":"if","locations":[{"start":{"line":28,"column":4},"end":{"line":32,"column":5}},{"start":{"line":28,"column":4},"end":{"line":32,"column":5}}],"line":28},"1":{"loc":{"start":{"line":35,"column":2},"end":{"line":64,"column":3}},"type":"if","locations":[{"start":{"line":35,"column":2},"end":{"line":64,"column":3}},{"start":{"line":35,"column":2},"end":{"line":64,"column":3}}],"line":35},"2":{"loc":{"start":{"line":35,"column":6},"end":{"line":35,"column":27}},"type":"binary-expr","locations":[{"start":{"line":35,"column":6},"end":{"line":35,"column":10}},{"start":{"line":35,"column":14},"end":{"line":35,"column":27}}],"line":35},"3":{"loc":{"start":{"line":39,"column":10},"end":{"line":39,"column":54}},"type":"cond-expr","locations":[{"start":{"line":39,"column":27},"end":{"line":39,"column":49}},{"start":{"line":39,"column":52},"end":{"line":39,"column":54}}],"line":39},"4":{"loc":{"start":{"line":44,"column":34},"end":{"line":44,"column":74}},"type":"cond-expr","locations":[{"start":{"line":44,"column":51},"end":{"line":44,"column":69}},{"start":{"line":44,"column":72},"end":{"line":44,"column":74}}],"line":44},"5":{"loc":{"start":{"line":53,"column":35},"end":{"line":53,"column":72}},"type":"cond-expr","locations":[{"start":{"line":53,"column":46},"end":{"line":53,"column":67}},{"start":{"line":53,"column":70},"end":{"line":53,"column":72}}],"line":53},"6":{"loc":{"start":{"line":57,"column":15},"end":{"line":57,"column":71}},"type":"cond-expr","locations":[{"start":{"line":57,"column":26},"end":{"line":57,"column":49}},{"start":{"line":57,"column":52},"end":{"line":57,"column":71}}],"line":57}},"s":{"0":5,"1":20,"2":20,"3":20,"4":20,"5":0,"6":0,"7":0,"8":0,"9":20,"10":0,"11":20,"12":10,"13":0,"14":0,"15":20,"16":0,"17":20},"f":{"0":20,"1":0,"2":0,"3":10,"4":0},"b":{"0":[0,10],"1":[0,20],"2":[20,20],"3":[0,0],"4":[0,0],"5":[0,20],"6":[0,20]},"_coverageSchema":"1a1c01bbd47fc00a2c39e90264f33305004495a9","hash":"e6d0ee0ea6c75395c4acd946e8d312af3122d198"}
,"/Users/giulia/Desktop/EGA-beacon-browser/client/src/components/SignIn/SignInForm.js": {"path":"/Users/giulia/Desktop/EGA-beacon-browser/client/src/components/SignIn/SignInForm.js","statementMap":{"0":{"start":{"line":6,"column":15},"end":{"line":6,"column":24}},"1":{"start":{"line":7,"column":26},"end":{"line":7,"column":64}},"2":{"start":{"line":9,"column":2},"end":{"line":11,"column":3}},"3":{"start":{"line":10,"column":4},"end":{"line":10,"column":38}},"4":{"start":{"line":13,"column":2},"end":{"line":17,"column":3}}},"fnMap":{"0":{"name":"SignInForm","decl":{"start":{"line":5,"column":24},"end":{"line":5,"column":34}},"loc":{"start":{"line":5,"column":38},"end":{"line":18,"column":1}},"line":5}},"branchMap":{"0":{"loc":{"start":{"line":7,"column":26},"end":{"line":7,"column":64}},"type":"cond-expr","locations":[{"start":{"line":7,"column":52},"end":{"line":7,"column":56}},{"start":{"line":7,"column":59},"end":{"line":7,"column":64}}],"line":7},"1":{"loc":{"start":{"line":9,"column":2},"end":{"line":11,"column":3}},"type":"if","locations":[{"start":{"line":9,"column":2},"end":{"line":11,"column":3}},{"start":{"line":9,"column":2},"end":{"line":11,"column":3}}],"line":9}},"s":{"0":0,"1":0,"2":0,"3":0,"4":0},"f":{"0":0},"b":{"0":[0,0],"1":[0,0]},"_coverageSchema":"1a1c01bbd47fc00a2c39e90264f33305004495a9","hash":"4ee737a9e370852385a80c4cd6c17b4433def930"}
}
