TN:
SF:client/src/App.js
FN:15,App
FN:26,(anonymous_1)
FN:32,(anonymous_2)
FNF:3
FNH:1
FNDA:25,App
FNDA:0,(anonymous_1)
FNDA:0,(anonymous_2)
DA:17,25
DA:18,20
DA:19,20
DA:20,20
DA:21,20
DA:22,20
DA:23,20
DA:24,20
DA:26,20
DA:28,0
DA:32,20
DA:33,0
DA:34,0
DA:35,0
DA:36,0
DA:37,0
DA:39,0
DA:41,0
DA:42,0
DA:43,0
DA:47,0
DA:49,0
DA:58,0
DA:59,0
DA:61,0
DA:62,0
DA:64,0
DA:65,0
DA:89,0
DA:91,0
DA:102,0
DA:112,0
DA:113,0
DA:114,0
DA:116,0
DA:120,20
LF:36
LH:11
BRDA:36,0,0,0
BRDA:36,0,1,0
BRDA:89,1,0,0
BRDA:89,1,1,0
BRDA:89,2,0,0
BRDA:89,2,1,0
BRDA:134,3,0,20
BRDA:134,3,1,20
BRDA:134,3,2,0
BRDA:135,4,0,20
BRDA:135,4,1,20
BRDA:135,4,2,0
BRDA:141,5,0,20
BRDA:141,5,1,0
BRDA:141,5,2,0
BRDA:142,6,0,20
BRDA:142,6,1,20
BRDA:142,6,2,20
BRDA:152,7,0,20
BRDA:152,7,1,20
BRDA:152,7,2,20
BRDA:152,7,3,20
BRDA:156,8,0,20
BRDA:156,8,1,0
BRF:24
BRH:13
end_of_record
TN:
SF:client/src/index.js
FN:14,(anonymous_0)
FNF:1
FNH:0
FNDA:0,(anonymous_0)
DA:12,5
DA:13,5
DA:15,0
DA:16,0
DA:30,5
DA:41,5
LF:6
LH:4
BRDA:26,0,0,5
BRDA:26,0,1,5
BRF:2
BRH:2
end_of_record
TN:
SF:client/src/reportWebVitals.js
FN:1,(anonymous_0)
FN:3,(anonymous_1)
FNF:2
FNH:1
FNDA:5,(anonymous_0)
FNDA:0,(anonymous_1)
DA:1,5
DA:2,5
DA:3,0
DA:4,0
DA:5,0
DA:6,0
DA:7,0
DA:8,0
LF:8
LH:2
BRDA:2,0,0,0
BRDA:2,0,1,5
BRDA:2,1,0,5
BRDA:2,1,1,0
BRF:4
BRH:2
end_of_record
TN:
SF:client/src/components/CustomTheme.js
FNF:0
FNH:0
DA:4,5
LF:1
LH:1
BRF:0
BRH:0
end_of_record
TN:
SF:client/src/components/Footer.js
FN:3,Footer
FNF:1
FNH:1
FNDA:20,Footer
DA:4,20
LF:1
LH:1
BRF:0
BRH:0
end_of_record
TN:
SF:client/src/components/Navbar.js
FN:6,(anonymous_0)
FNF:1
FNH:1
FNDA:20,(anonymous_0)
DA:6,5
DA:7,20
LF:2
LH:2
BRF:0
BRH:0
end_of_record
TN:
SF:client/src/components/NetworkMembers.js
FN:4,NetworkMembers
FNF:1
FNH:1
FNDA:20,NetworkMembers
DA:5,20
LF:1
LH:1
BRF:0
BRH:0
end_of_record
TN:
SF:client/src/components/ResultList.js
FN:6,ResultList
FN:15,(anonymous_1)
FN:35,(anonymous_2)
FN:42,(anonymous_3)
FN:48,(anonymous_4)
FN:49,(anonymous_5)
FN:98,(anonymous_6)
FN:111,(anonymous_7)
FNF:8
FNH:1
FNDA:20,ResultList
FNDA:0,(anonymous_1)
FNDA:0,(anonymous_2)
FNDA:0,(anonymous_3)
FNDA:0,(anonymous_4)
FNDA:0,(anonymous_5)
FNDA:0,(anonymous_6)
FNDA:0,(anonymous_7)
DA:13,20
DA:14,20
DA:15,20
DA:16,0
DA:18,20
DA:20,20
DA:21,20
DA:22,20
DA:23,20
DA:24,20
DA:25,20
DA:26,20
DA:27,20
DA:28,20
DA:29,20
DA:30,20
DA:31,20
DA:32,20
DA:33,20
DA:34,20
DA:35,20
DA:36,0
DA:37,0
DA:38,0
DA:39,0
DA:40,0
DA:42,0
DA:43,0
DA:44,0
DA:45,0
DA:46,0
DA:48,0
DA:49,0
DA:50,0
DA:54,0
DA:58,0
DA:62,0
DA:66,0
DA:67,0
DA:71,0
DA:72,0
DA:76,0
DA:79,0
DA:90,0
DA:97,0
DA:98,0
DA:99,0
DA:111,0
DA:112,0
DA:117,0
DA:118,0
DA:125,0
DA:126,0
DA:127,0
DA:131,0
DA:132,0
DA:133,0
DA:134,0
DA:137,0
DA:138,0
DA:141,20
DA:149,20
LF:62
LH:22
BRDA:34,0,0,20
BRDA:34,0,1,0
BRDA:37,1,0,0
BRDA:37,1,1,0
BRDA:43,2,0,0
BRDA:43,2,1,0
BRDA:44,3,0,0
BRDA:44,3,1,0
BRDA:50,4,0,0
BRDA:50,4,1,0
BRDA:54,5,0,0
BRDA:54,5,1,0
BRDA:58,6,0,0
BRDA:58,6,1,0
BRDA:62,7,0,0
BRDA:62,7,1,0
BRDA:63,8,0,0
BRDA:63,8,1,0
BRDA:67,9,0,0
BRDA:67,9,1,0
BRDA:68,10,0,0
BRDA:68,10,1,0
BRDA:72,11,0,0
BRDA:72,11,1,0
BRDA:73,12,0,0
BRDA:73,12,1,0
BRDA:97,13,0,0
BRDA:97,13,1,0
BRDA:112,14,0,0
BRDA:112,14,1,0
BRDA:113,15,0,0
BRDA:113,15,1,0
BRDA:113,15,2,0
BRDA:151,16,0,20
BRDA:151,16,1,20
BRDA:151,16,2,0
BRDA:167,17,0,0
BRDA:167,17,1,0
BRDA:208,18,0,20
BRDA:208,18,1,20
BRDA:208,18,2,0
BRDA:211,19,0,20
BRDA:211,19,1,20
BRDA:211,19,2,0
BRDA:214,20,0,20
BRDA:214,20,1,0
BRDA:215,21,0,20
BRDA:215,21,1,0
BRF:48
BRH:9
end_of_record
TN:
SF:client/src/components/Search.js
FN:27,Search
FN:28,(anonymous_1)
FN:35,(anonymous_2)
FN:64,(anonymous_3)
FN:72,(anonymous_4)
FN:117,(anonymous_5)
FN:120,(anonymous_6)
FN:156,(anonymous_7)
FN:158,(anonymous_8)
FN:162,(anonymous_9)
FN:197,(anonymous_10)
FNF:11
FNH:6
FNDA:20,Search
FNDA:0,(anonymous_1)
FNDA:20,(anonymous_2)
FNDA:20,(anonymous_3)
FNDA:0,(anonymous_4)
FNDA:0,(anonymous_5)
FNDA:30,(anonymous_6)
FNDA:20,(anonymous_7)
FNDA:0,(anonymous_8)
FNDA:30,(anonymous_9)
FNDA:0,(anonymous_10)
DA:12,5
DA:23,5
DA:28,20
DA:29,0
DA:30,0
DA:35,20
DA:36,20
DA:54,20
DA:72,20
DA:73,0
DA:74,0
DA:75,0
DA:83,0
DA:86,20
DA:118,0
DA:121,30
DA:156,20
DA:159,0
DA:163,30
DA:197,0
LF:20
LH:11
BRDA:126,0,0,30
BRDA:126,0,1,0
BRDA:128,1,0,0
BRDA:128,1,1,30
BRDA:128,2,0,30
BRDA:128,2,1,0
BRDA:136,3,0,0
BRDA:136,3,1,30
BRDA:136,4,0,30
BRDA:136,4,1,0
BRDA:159,5,0,0
BRDA:159,5,1,0
BRDA:167,6,0,30
BRDA:167,6,1,0
BRDA:169,7,0,0
BRDA:169,7,1,30
BRDA:169,8,0,30
BRDA:169,8,1,0
BRDA:181,9,0,20
BRDA:181,9,1,20
BRF:20
BRH:10
end_of_record
TN:
SF:client/src/components/TooltipHeader.js
FN:7,(anonymous_0)
FN:25,(anonymous_1)
FNF:2
FNH:0
FNDA:0,(anonymous_0)
FNDA:0,(anonymous_1)
DA:7,5
DA:8,0
DA:25,5
DA:26,0
LF:4
LH:2
BRF:0
BRH:0
end_of_record
TN:
SF:client/src/components/SignIn/LoggedIn.js
FN:5,(anonymous_0)
FN:10,(anonymous_1)
FN:24,(anonymous_2)
FN:27,(anonymous_3)
FN:29,(anonymous_4)
FNF:5
FNH:2
FNDA:20,(anonymous_0)
FNDA:0,(anonymous_1)
FNDA:0,(anonymous_2)
FNDA:10,(anonymous_3)
FNDA:0,(anonymous_4)
DA:5,5
DA:6,20
DA:7,20
DA:8,20
DA:10,20
DA:11,0
DA:12,0
DA:13,0
DA:14,0
DA:24,20
DA:25,0
DA:27,20
DA:28,10
DA:29,0
DA:35,20
DA:36,0
DA:51,20
LF:17
LH:10
BRDA:28,0,0,0
BRDA:28,0,1,10
BRDA:35,1,0,0
BRDA:35,1,1,20
BRDA:35,2,0,20
BRDA:35,2,1,20
BRDA:39,3,0,0
BRDA:39,3,1,0
BRDA:44,4,0,0
BRDA:44,4,1,0
BRDA:53,5,0,0
BRDA:53,5,1,20
BRDA:57,6,0,0
BRDA:57,6,1,20
BRF:14
BRH:6
end_of_record
TN:
SF:client/src/components/SignIn/SignInForm.js
FN:5,SignInForm
FNF:1
FNH:0
FNDA:0,SignInForm
DA:6,0
DA:7,0
DA:9,0
DA:10,0
DA:13,0
LF:5
LH:0
BRDA:7,0,0,0
BRDA:7,0,1,0
BRDA:9,1,0,0
BRDA:9,1,1,0
BRF:4
BRH:0
end_of_record
